<?xml version="1.0" encoding="UTF-8"?>
<testng-results ignored="0" total="2" passed="2" failed="0" skipped="0">
  <reporter-output>
  </reporter-output>
  <suite started-at="2024-11-30T18:59:38 IST" name="Suite" finished-at="2024-11-30T19:00:01 IST" duration-ms="22975">
    <groups>
    </groups>
    <test started-at="2024-11-30T18:59:38 IST" name="Test" finished-at="2024-11-30T19:00:01 IST" duration-ms="22975">
      <class name="test.Testcase2">
        <test-method is-config="true" signature="launch()[pri:0, instance:test.Testcase2@68999068]" started-at="2024-11-30T18:59:50 IST" name="launch" finished-at="2024-11-30T18:59:55 IST" duration-ms="4125" status="PASS">
          <reporter-output>
          </reporter-output>
        </test-method> <!-- launch -->
        <test-method signature="loginamazon()[pri:0, instance:test.Testcase2@68999068]" started-at="2024-11-30T18:59:55 IST" name="loginamazon" finished-at="2024-11-30T18:59:58 IST" duration-ms="3654" status="PASS">
          <reporter-output>
          </reporter-output>
        </test-method> <!-- loginamazon -->
        <test-method is-config="true" signature="quit()[pri:0, instance:test.Testcase2@68999068]" started-at="2024-11-30T18:59:58 IST" name="quit" finished-at="2024-11-30T19:00:01 IST" duration-ms="2483" status="PASS">
          <reporter-output>
          </reporter-output>
        </test-method> <!-- quit -->
      </class> <!-- test.Testcase2 -->
      <class name="test.Testcase1">
        <test-method is-config="true" signature="launch()[pri:0, instance:test.Testcase1@7e0b85f9]" started-at="2024-11-30T18:59:38 IST" name="launch" finished-at="2024-11-30T18:59:44 IST" duration-ms="5822" status="PASS">
          <reporter-output>
          </reporter-output>
        </test-method> <!-- launch -->
        <test-method signature="loginamazon()[pri:0, instance:test.Testcase1@7e0b85f9]" started-at="2024-11-30T18:59:44 IST" name="loginamazon" finished-at="2024-11-30T18:59:48 IST" duration-ms="3988" status="PASS">
          <reporter-output>
          </reporter-output>
        </test-method> <!-- loginamazon -->
        <test-method is-config="true" signature="quit()[pri:0, instance:test.Testcase1@7e0b85f9]" started-at="2024-11-30T18:59:48 IST" name="quit" finished-at="2024-11-30T18:59:50 IST" duration-ms="2806" status="PASS">
          <reporter-output>
          </reporter-output>
        </test-method> <!-- quit -->
      </class> <!-- test.Testcase1 -->
    </test> <!-- Test -->
  </suite> <!-- Suite -->
</testng-results>
